2020-02-12 10:04:39,442 INFO  [org.jboss.as.server] (Thread-1) WFLYSRV0272: Suspending server
2020-02-12 10:04:39,484 INFO  [org.jboss.as.ejb3] (Thread-1) WFLYEJB0493: EJB subsystem suspension complete
2020-02-12 10:04:39,496 INFO  [org.jboss.as.server] (Thread-1) WFLYSRV0220: Server shutdown has been requested via an OS signal
2020-02-12 10:04:39,611 INFO  [org.jboss.as.connector.subsystems.datasources] (MSC service thread 1-5) WFLYJCA0010: Unbound data source [java:jboss/datasources/KeycloakDS]
2020-02-12 10:04:39,614 INFO  [org.jboss.as.mail.extension] (MSC service thread 1-5) WFLYMAIL0002: Unbound mail session [java:jboss/mail/Default]
2020-02-12 10:04:39,626 INFO  [org.wildfly.extension.undertow] (MSC service thread 1-5) WFLYUT0008: Undertow HTTPS listener https suspending
2020-02-12 10:04:39,657 INFO  [org.wildfly.extension.undertow] (ServerService Thread Pool -- 72) WFLYUT0022: Unregistered web context: '/auth' from server 'default-server'
2020-02-12 10:04:39,716 INFO  [org.wildfly.extension.undertow] (MSC service thread 1-5) WFLYUT0007: Undertow HTTPS listener https stopped, was bound to 127.0.0.1:8443
2020-02-12 10:04:39,810 INFO  [org.jboss.as.connector.subsystems.datasources] (MSC service thread 1-1) WFLYJCA0010: Unbound data source [java:jboss/datasources/ExampleDS]
2020-02-12 10:04:39,846 INFO  [org.jboss.as.connector.deployers.jdbc] (MSC service thread 1-3) WFLYJCA0019: Stopped Driver service with driver-name = h2
2020-02-12 10:04:39,853 INFO  [org.wildfly.extension.undertow] (MSC service thread 1-6) WFLYUT0019: Host default-host stopping
2020-02-12 10:04:39,925 INFO  [org.jboss.as.clustering.infinispan] (ServerService Thread Pool -- 75) WFLYCLINF0003: Stopped authenticationSessions cache from keycloak container
2020-02-12 10:04:39,931 INFO  [org.jboss.as.clustering.infinispan] (ServerService Thread Pool -- 81) WFLYCLINF0003: Stopped authorization cache from keycloak container
2020-02-12 10:04:39,932 INFO  [org.jboss.as.clustering.infinispan] (ServerService Thread Pool -- 82) WFLYCLINF0003: Stopped keys cache from keycloak container
2020-02-12 10:04:39,932 INFO  [org.jboss.as.clustering.infinispan] (ServerService Thread Pool -- 71) WFLYCLINF0003: Stopped users cache from keycloak container
2020-02-12 10:04:39,933 INFO  [org.jboss.as.clustering.infinispan] (ServerService Thread Pool -- 2) WFLYCLINF0003: Stopped offlineClientSessions cache from keycloak container
2020-02-12 10:04:39,933 INFO  [org.jboss.as.clustering.infinispan] (ServerService Thread Pool -- 77) WFLYCLINF0003: Stopped actionTokens cache from keycloak container
2020-02-12 10:04:39,933 INFO  [org.jboss.as.clustering.infinispan] (ServerService Thread Pool -- 73) WFLYCLINF0003: Stopped offlineSessions cache from keycloak container
2020-02-12 10:04:39,933 INFO  [org.jboss.as.clustering.infinispan] (ServerService Thread Pool -- 76) WFLYCLINF0003: Stopped loginFailures cache from keycloak container
2020-02-12 10:04:39,933 INFO  [org.jboss.as.clustering.infinispan] (ServerService Thread Pool -- 74) WFLYCLINF0003: Stopped sessions cache from keycloak container
2020-02-12 10:04:39,933 INFO  [org.jboss.as.clustering.infinispan] (ServerService Thread Pool -- 80) WFLYCLINF0003: Stopped clientSessions cache from keycloak container
2020-02-12 10:04:39,934 INFO  [org.jboss.as.clustering.infinispan] (ServerService Thread Pool -- 72) WFLYCLINF0003: Stopped work cache from keycloak container
2020-02-12 10:04:39,999 INFO  [org.jboss.as.clustering.infinispan] (ServerService Thread Pool -- 78) WFLYCLINF0003: Stopped realms cache from keycloak container
2020-02-12 10:04:40,025 INFO  [org.jboss.as.server.deployment] (MSC service thread 1-6) WFLYSRV0028: Stopped deployment keycloak-server.war (runtime-name: keycloak-server.war) in 508ms
2020-02-12 10:04:40,026 INFO  [org.wildfly.extension.undertow] (MSC service thread 1-1) WFLYUT0008: Undertow HTTP listener default suspending
2020-02-12 10:04:40,030 INFO  [org.jboss.as.clustering.infinispan] (ServerService Thread Pool -- 79) WFLYCLINF0003: Stopped client-mappings cache from ejb container
2020-02-12 10:04:40,028 INFO  [org.wildfly.extension.undertow] (MSC service thread 1-1) WFLYUT0007: Undertow HTTP listener default stopped, was bound to 127.0.0.1:8080
2020-02-12 10:04:40,034 INFO  [org.wildfly.extension.undertow] (MSC service thread 1-2) WFLYUT0004: Undertow 2.0.21.Final stopping
2020-02-12 10:04:40,066 INFO  [org.jboss.as] (MSC service thread 1-7) WFLYSRV0050: Keycloak 7.0.0 (WildFly Core 9.0.2.Final) stopped in 548ms
2020-02-12 10:09:42,817 INFO  [org.jboss.modules] (main) JBoss Modules version 1.9.1.Final
2020-02-12 10:09:48,399 INFO  [org.jboss.msc] (main) JBoss MSC version 1.4.8.Final
2020-02-12 10:09:48,409 INFO  [org.jboss.threads] (main) JBoss Threads version 2.3.3.Final
2020-02-12 10:09:48,560 INFO  [org.jboss.as] (MSC service thread 1-2) WFLYSRV0049: Keycloak 7.0.0 (WildFly Core 9.0.2.Final) starting
2020-02-12 10:09:48,561 DEBUG [org.jboss.as.config] (MSC service thread 1-2) Configured system properties:
	[Standalone] = 
	awt.toolkit = sun.lwawt.macosx.LWCToolkit
	file.encoding = UTF-8
	file.separator = /
	ftp.nonProxyHosts = local|*.local|169.254/16|*.169.254/16
	http.nonProxyHosts = local|*.local|169.254/16|*.169.254/16
	java.awt.graphicsenv = sun.awt.CGraphicsEnvironment
	java.awt.headless = true
	java.class.path = /Users/tawatchai/Desktop/keycloak/keycloak-7.0.0/jboss-modules.jar
	java.class.version = 56.0
	java.home = /Library/Java/JavaVirtualMachines/jdk-12.0.2.jdk/Contents/Home
	java.io.tmpdir = /var/folders/r9/w05kzvz17zv3ztgns8qp53lw0000gn/T/
	java.library.path = /Users/tawatchai/Library/Java/Extensions:/Library/Java/Extensions:/Network/Library/Java/Extensions:/System/Library/Java/Extensions:/usr/lib/java:.
	java.net.preferIPv4Stack = true
	java.runtime.name = Java(TM) SE Runtime Environment
	java.runtime.version = 12.0.2+10
	java.specification.name = Java Platform API Specification
	java.specification.vendor = Oracle Corporation
	java.specification.version = 12
	java.util.logging.manager = org.jboss.logmanager.LogManager
	java.vendor = Oracle Corporation
	java.vendor.url = https://java.oracle.com/
	java.vendor.url.bug = https://bugreport.java.com/bugreport/
	java.version = 12.0.2
	java.version.date = 2019-07-16
	java.vm.compressedOopsMode = Zero based
	java.vm.info = mixed mode, sharing
	java.vm.name = Java HotSpot(TM) 64-Bit Server VM
	java.vm.specification.name = Java Virtual Machine Specification
	java.vm.specification.vendor = Oracle Corporation
	java.vm.specification.version = 12
	java.vm.vendor = Oracle Corporation
	java.vm.version = 12.0.2+10
	javax.management.builder.initial = org.jboss.as.jmx.PluggableMBeanServerBuilder
	jboss.home.dir = /Users/tawatchai/Desktop/keycloak/keycloak-7.0.0
	jboss.host.name = tawatchais-macbook-pro
	jboss.modules.dir = /Users/tawatchai/Desktop/keycloak/keycloak-7.0.0/modules
	jboss.modules.system.pkgs = org.jboss.byteman
	jboss.node.name = tawatchais-macbook-pro
	jboss.qualified.host.name = tawatchais-macbook-pro.local
	jboss.server.base.dir = /Users/tawatchai/Desktop/keycloak/keycloak-7.0.0/standalone
	jboss.server.config.dir = /Users/tawatchai/Desktop/keycloak/keycloak-7.0.0/standalone/configuration
	jboss.server.data.dir = /Users/tawatchai/Desktop/keycloak/keycloak-7.0.0/standalone/data
	jboss.server.deploy.dir = /Users/tawatchai/Desktop/keycloak/keycloak-7.0.0/standalone/data/content
	jboss.server.log.dir = /Users/tawatchai/Desktop/keycloak/keycloak-7.0.0/standalone/log
	jboss.server.name = tawatchais-macbook-pro
	jboss.server.persist.config = true
	jboss.server.temp.dir = /Users/tawatchai/Desktop/keycloak/keycloak-7.0.0/standalone/tmp
	jdk.debug = release
	line.separator = 

	logging.configuration = file:/Users/tawatchai/Desktop/keycloak/keycloak-7.0.0/standalone/configuration/logging.properties
	module.path = /Users/tawatchai/Desktop/keycloak/keycloak-7.0.0/modules
	org.jboss.boot.log.file = /Users/tawatchai/Desktop/keycloak/keycloak-7.0.0/standalone/log/server.log
	org.jboss.resolver.warning = true
	os.arch = x86_64
	os.name = Mac OS X
	os.version = 10.15.1
	path.separator = :
	socksNonProxyHosts = local|*.local|169.254/16|*.169.254/16
	sun.arch.data.model = 64
	sun.boot.library.path = /Library/Java/JavaVirtualMachines/jdk-12.0.2.jdk/Contents/Home/lib
	sun.cpu.endian = little
	sun.io.unicode.encoding = UnicodeBig
	sun.java.command = /Users/tawatchai/Desktop/keycloak/keycloak-7.0.0/jboss-modules.jar -mp /Users/tawatchai/Desktop/keycloak/keycloak-7.0.0/modules org.jboss.as.standalone -Djboss.home.dir=/Users/tawatchai/Desktop/keycloak/keycloak-7.0.0 -Djboss.server.base.dir=/Users/tawatchai/Desktop/keycloak/keycloak-7.0.0/standalone
	sun.java.launcher = SUN_STANDARD
	sun.jnu.encoding = UTF-8
	sun.management.compiler = HotSpot 64-Bit Tiered Compilers
	user.country = TH
	user.dir = /Users/tawatchai/Desktop/keycloak/keycloak-7.0.0/bin
	user.home = /Users/tawatchai
	user.language = en
	user.name = tawatchai
	user.timezone = Asia/Bangkok
2020-02-12 10:09:48,564 DEBUG [org.jboss.as.config] (MSC service thread 1-2) VM Arguments: -D[Standalone] -Xms64m -Xmx512m -XX:MetaspaceSize=96M -XX:MaxMetaspaceSize=256m -Djava.net.preferIPv4Stack=true -Djboss.modules.system.pkgs=org.jboss.byteman -Djava.awt.headless=true --add-exports=java.base/sun.nio.ch=ALL-UNNAMED --add-exports=jdk.unsupported/sun.misc=ALL-UNNAMED --add-exports=jdk.unsupported/sun.reflect=ALL-UNNAMED -Dorg.jboss.boot.log.file=/Users/tawatchai/Desktop/keycloak/keycloak-7.0.0/standalone/log/server.log -Dlogging.configuration=file:/Users/tawatchai/Desktop/keycloak/keycloak-7.0.0/standalone/configuration/logging.properties 
2020-02-12 10:09:49,378 INFO  [org.wildfly.security] (ServerService Thread Pool -- 20) ELY00001: WildFly Elytron version 1.9.1.Final
2020-02-12 10:09:49,934 INFO  [org.jboss.as.controller.management-deprecated] (Controller Boot Thread) WFLYCTL0028: Attribute 'security-realm' in the resource at address '/core-service=management/management-interface=http-interface' is deprecated, and may be removed in a future version. See the attribute description in the output of the read-resource-description operation to learn more about the deprecation.
2020-02-12 10:09:49,956 INFO  [org.jboss.as.controller.management-deprecated] (ServerService Thread Pool -- 4) WFLYCTL0028: Attribute 'security-realm' in the resource at address '/subsystem=undertow/server=default-server/https-listener=https' is deprecated, and may be removed in a future version. See the attribute description in the output of the read-resource-description operation to learn more about the deprecation.
2020-02-12 10:09:50,064 INFO  [org.jboss.as.server] (Controller Boot Thread) WFLYSRV0039: Creating http management service using socket-binding (management-http)
2020-02-12 10:09:50,083 INFO  [org.xnio] (MSC service thread 1-5) XNIO version 3.7.2.Final
2020-02-12 10:09:50,093 INFO  [org.xnio.nio] (MSC service thread 1-5) XNIO NIO Implementation Version 3.7.2.Final
2020-02-12 10:09:50,122 INFO  [org.wildfly.extension.io] (ServerService Thread Pool -- 36) WFLYIO001: Worker 'default' has auto-configured to 8 core threads with 64 task threads based on your 4 available processors
2020-02-12 10:09:50,127 INFO  [org.jboss.as.clustering.infinispan] (ServerService Thread Pool -- 37) WFLYCLINF0001: Activating Infinispan subsystem.
2020-02-12 10:09:50,151 INFO  [org.jboss.as.connector] (MSC service thread 1-7) WFLYJCA0009: Starting JCA Subsystem (WildFly/IronJacamar 1.4.16.Final)
2020-02-12 10:09:50,163 INFO  [org.jboss.remoting] (MSC service thread 1-4) JBoss Remoting version 5.0.12.Final
2020-02-12 10:09:50,177 INFO  [org.jboss.as.jaxrs] (ServerService Thread Pool -- 38) WFLYRS0016: RESTEasy version 3.7.0.Final
2020-02-12 10:09:50,180 INFO  [org.jboss.as.connector.subsystems.datasources] (ServerService Thread Pool -- 32) WFLYJCA0004: Deploying JDBC-compliant driver class org.h2.Driver (version 1.4)
2020-02-12 10:09:50,185 INFO  [org.jboss.as.connector.deployers.jdbc] (MSC service thread 1-6) WFLYJCA0018: Started Driver service with driver-name = h2
2020-02-12 10:09:50,210 INFO  [org.jboss.as.naming] (ServerService Thread Pool -- 43) WFLYNAM0001: Activating Naming Subsystem
2020-02-12 10:09:50,245 INFO  [org.jboss.as.security] (ServerService Thread Pool -- 48) WFLYSEC0002: Activating Security Subsystem
2020-02-12 10:09:50,251 INFO  [org.jboss.as.security] (MSC service thread 1-5) WFLYSEC0001: Current PicketBox version=5.0.3.Final
2020-02-12 10:09:50,264 INFO  [org.jboss.as.naming] (MSC service thread 1-4) WFLYNAM0003: Starting Naming Service
2020-02-12 10:09:50,267 WARN  [org.jboss.as.txn] (ServerService Thread Pool -- 49) WFLYTX0013: The node-identifier attribute on the /subsystem=transactions is set to the default value. This is a danger for environments running multiple servers. Please make sure the attribute value is unique.
2020-02-12 10:09:50,269 INFO  [org.jboss.as.mail.extension] (MSC service thread 1-6) WFLYMAIL0001: Bound mail session [java:jboss/mail/Default]
2020-02-12 10:09:50,291 INFO  [org.wildfly.extension.microprofile.config.smallrye._private] (ServerService Thread Pool -- 51) WFLYCONF0001: Activating WildFly MicroProfile Config Subsystem
2020-02-12 10:09:50,342 INFO  [org.wildfly.extension.microprofile.metrics.smallrye] (ServerService Thread Pool -- 53) WFLYMETRICS0001: Activating Eclipse MicroProfile Metrics Subsystem
2020-02-12 10:09:50,347 INFO  [org.wildfly.extension.microprofile.health.smallrye] (ServerService Thread Pool -- 52) WFLYHEALTH0001: Activating Eclipse MicroProfile Health Subsystem
2020-02-12 10:09:50,398 INFO  [org.jboss.as.ejb3] (MSC service thread 1-6) WFLYEJB0481: Strict pool slsb-strict-max-pool is using a max instance size of 64 (per class), which is derived from thread worker pool sizing.
2020-02-12 10:09:50,404 WARN  [org.wildfly.clustering.web.undertow] (ServerService Thread Pool -- 54) WFLYCLWEBUT0007: No routing provider found for default-server; using legacy provider based on static configuration
2020-02-12 10:09:50,400 INFO  [org.jboss.as.ejb3] (MSC service thread 1-8) WFLYEJB0482: Strict pool mdb-strict-max-pool is using a max instance size of 16 (per class), which is derived from the number of CPUs on this host.
2020-02-12 10:09:50,446 INFO  [org.wildfly.extension.undertow] (MSC service thread 1-4) WFLYUT0003: Undertow 2.0.21.Final starting
2020-02-12 10:09:50,457 INFO  [io.smallrye.metrics] (MSC service thread 1-3) Converted [2] config entries and added [4] replacements
2020-02-12 10:09:50,463 INFO  [io.smallrye.metrics] (MSC service thread 1-3) Converted [3] config entries and added [18] replacements
2020-02-12 10:09:50,560 INFO  [org.wildfly.extension.undertow] (ServerService Thread Pool -- 54) WFLYUT0014: Creating file handler for path '/Users/tawatchai/Desktop/keycloak/keycloak-7.0.0/welcome-content' with options [directory-listing: 'false', follow-symlink: 'false', case-sensitive: 'true', safe-symlink-paths: '[]']
2020-02-12 10:09:50,566 INFO  [org.wildfly.extension.undertow] (MSC service thread 1-2) WFLYUT0012: Started server default-server.
2020-02-12 10:09:50,597 INFO  [org.wildfly.extension.undertow] (MSC service thread 1-7) WFLYUT0018: Host default-host starting
2020-02-12 10:09:50,698 INFO  [org.wildfly.extension.undertow] (MSC service thread 1-4) WFLYUT0006: Undertow HTTP listener default listening on 127.0.0.1:8080
2020-02-12 10:09:50,713 INFO  [org.jboss.as.ejb3] (MSC service thread 1-6) WFLYEJB0493: EJB subsystem suspension complete
2020-02-12 10:09:50,800 INFO  [org.jboss.as.connector.subsystems.datasources] (MSC service thread 1-4) WFLYJCA0001: Bound data source [java:jboss/datasources/ExampleDS]
2020-02-12 10:09:50,807 INFO  [org.jboss.as.connector.subsystems.datasources] (MSC service thread 1-5) WFLYJCA0001: Bound data source [java:jboss/datasources/KeycloakDS]
2020-02-12 10:09:50,981 INFO  [org.jboss.as.patching] (MSC service thread 1-5) WFLYPAT0050: Keycloak cumulative patch ID is: base, one-off patches include: none
2020-02-12 10:09:50,994 INFO  [org.jboss.as.server.deployment.scanner] (MSC service thread 1-7) WFLYDS0013: Started FileSystemDeploymentService for directory /Users/tawatchai/Desktop/keycloak/keycloak-7.0.0/standalone/deployments
2020-02-12 10:09:50,996 WARN  [org.jboss.as.domain.management.security] (MSC service thread 1-4) WFLYDM0111: Keystore /Users/tawatchai/Desktop/keycloak/keycloak-7.0.0/standalone/configuration/application.keystore not found, it will be auto generated on first use with a self signed certificate for host localhost
2020-02-12 10:09:51,003 INFO  [org.jboss.as.server.deployment] (MSC service thread 1-1) WFLYSRV0027: Starting deployment of "keycloak-server.war" (runtime-name: "keycloak-server.war")
2020-02-12 10:09:51,103 INFO  [org.wildfly.extension.undertow] (MSC service thread 1-7) WFLYUT0006: Undertow HTTPS listener https listening on 127.0.0.1:8443
2020-02-12 10:09:51,321 WARN  [org.jboss.as.dependency.private] (MSC service thread 1-2) WFLYSRV0018: Deployment "deployment.keycloak-server.war" is using a private module ("org.kie") which may be changed or removed in future versions without notice.
2020-02-12 10:09:51,623 INFO  [org.infinispan.factories.GlobalComponentRegistry] (MSC service thread 1-1) ISPN000128: Infinispan version: Infinispan 'Infinity Minus ONE +2' 9.4.14.Final
2020-02-12 10:09:51,921 INFO  [org.jboss.as.clustering.infinispan] (ServerService Thread Pool -- 58) WFLYCLINF0002: Started authorization cache from keycloak container
2020-02-12 10:09:51,921 INFO  [org.jboss.as.clustering.infinispan] (ServerService Thread Pool -- 60) WFLYCLINF0002: Started offlineClientSessions cache from keycloak container
2020-02-12 10:09:51,921 INFO  [org.jboss.as.clustering.infinispan] (ServerService Thread Pool -- 62) WFLYCLINF0002: Started clientSessions cache from keycloak container
2020-02-12 10:09:51,922 INFO  [org.jboss.as.clustering.infinispan] (ServerService Thread Pool -- 61) WFLYCLINF0002: Started sessions cache from keycloak container
2020-02-12 10:09:51,922 INFO  [org.jboss.as.clustering.infinispan] (ServerService Thread Pool -- 64) WFLYCLINF0002: Started keys cache from keycloak container
2020-02-12 10:09:51,921 INFO  [org.jboss.as.clustering.infinispan] (ServerService Thread Pool -- 59) WFLYCLINF0002: Started users cache from keycloak container
2020-02-12 10:09:51,924 INFO  [org.jboss.as.clustering.infinispan] (ServerService Thread Pool -- 56) WFLYCLINF0002: Started work cache from keycloak container
2020-02-12 10:09:51,924 INFO  [org.jboss.as.clustering.infinispan] (ServerService Thread Pool -- 65) WFLYCLINF0002: Started actionTokens cache from keycloak container
2020-02-12 10:09:51,924 INFO  [org.jboss.as.clustering.infinispan] (ServerService Thread Pool -- 57) WFLYCLINF0002: Started loginFailures cache from keycloak container
2020-02-12 10:09:51,924 INFO  [org.jboss.as.clustering.infinispan] (ServerService Thread Pool -- 67) WFLYCLINF0002: Started offlineSessions cache from keycloak container
2020-02-12 10:09:51,924 INFO  [org.jboss.as.clustering.infinispan] (ServerService Thread Pool -- 63) WFLYCLINF0002: Started authenticationSessions cache from keycloak container
2020-02-12 10:09:51,925 INFO  [org.jboss.as.clustering.infinispan] (ServerService Thread Pool -- 66) WFLYCLINF0002: Started realms cache from keycloak container
2020-02-12 10:09:52,040 INFO  [org.jboss.as.clustering.infinispan] (ServerService Thread Pool -- 68) WFLYCLINF0002: Started client-mappings cache from ejb container
2020-02-12 10:09:52,069 WARN  [org.jboss.as.server.deployment] (MSC service thread 1-6) WFLYSRV0273: Excluded subsystem webservices via jboss-deployment-structure.xml does not exist.
2020-02-12 10:09:52,775 INFO  [org.keycloak.services] (ServerService Thread Pool -- 68) KC-SERVICES0001: Loading config from standalone.xml or domain.xml
2020-02-12 10:09:53,217 INFO  [org.jboss.as.clustering.infinispan] (ServerService Thread Pool -- 68) WFLYCLINF0002: Started realmRevisions cache from keycloak container
2020-02-12 10:09:53,221 INFO  [org.jboss.as.clustering.infinispan] (ServerService Thread Pool -- 68) WFLYCLINF0002: Started userRevisions cache from keycloak container
2020-02-12 10:09:53,228 INFO  [org.jboss.as.clustering.infinispan] (ServerService Thread Pool -- 68) WFLYCLINF0002: Started authorizationRevisions cache from keycloak container
2020-02-12 10:09:53,230 INFO  [org.keycloak.connections.infinispan.DefaultInfinispanConnectionProviderFactory] (ServerService Thread Pool -- 68) Node name: tawatchais-macbook-pro, Site name: null
2020-02-12 10:10:01,113 INFO  [org.hibernate.jpa.internal.util.LogHelper] (ServerService Thread Pool -- 68) HHH000204: Processing PersistenceUnitInfo [
	name: keycloak-default
	...]
2020-02-12 10:10:01,204 INFO  [org.hibernate.Version] (ServerService Thread Pool -- 68) HHH000412: Hibernate Core {5.3.10.Final}
2020-02-12 10:10:01,206 INFO  [org.hibernate.cfg.Environment] (ServerService Thread Pool -- 68) HHH000206: hibernate.properties not found
2020-02-12 10:10:01,369 INFO  [org.hibernate.annotations.common.Version] (ServerService Thread Pool -- 68) HCANN000001: Hibernate Commons Annotations {5.0.5.Final}
2020-02-12 10:10:01,733 INFO  [org.hibernate.dialect.Dialect] (ServerService Thread Pool -- 68) HHH000400: Using dialect: org.hibernate.dialect.H2Dialect
2020-02-12 10:10:01,741 WARN  [org.hibernate.dialect.H2Dialect] (ServerService Thread Pool -- 68) HHH000431: Unable to determine H2 database version, certain features may not work
2020-02-12 10:10:01,833 INFO  [org.hibernate.envers.boot.internal.EnversServiceImpl] (ServerService Thread Pool -- 68) Envers integration enabled? : true
2020-02-12 10:10:02,457 INFO  [org.hibernate.orm.beans] (ServerService Thread Pool -- 68) HHH10005002: No explicit CDI BeanManager reference was passed to Hibernate, but CDI is available on the Hibernate ClassLoader.
2020-02-12 10:10:02,519 INFO  [org.hibernate.validator.internal.util.Version] (ServerService Thread Pool -- 68) HV000001: Hibernate Validator 6.0.16.Final
2020-02-12 10:10:03,812 INFO  [org.hibernate.hql.internal.QueryTranslatorFactoryInitiator] (ServerService Thread Pool -- 68) HHH000397: Using ASTQueryTranslatorFactory
2020-02-12 10:10:04,602 INFO  [org.jboss.resteasy.resteasy_jaxrs.i18n] (ServerService Thread Pool -- 68) RESTEASY002225: Deploying javax.ws.rs.core.Application: class org.keycloak.services.resources.KeycloakApplication
2020-02-12 10:10:04,603 INFO  [org.jboss.resteasy.resteasy_jaxrs.i18n] (ServerService Thread Pool -- 68) RESTEASY002205: Adding provider class org.keycloak.services.filters.KeycloakTransactionCommitter from Application class org.keycloak.services.resources.KeycloakApplication
2020-02-12 10:10:04,603 INFO  [org.jboss.resteasy.resteasy_jaxrs.i18n] (ServerService Thread Pool -- 68) RESTEASY002205: Adding provider class org.keycloak.services.error.KeycloakErrorHandler from Application class org.keycloak.services.resources.KeycloakApplication
2020-02-12 10:10:04,604 INFO  [org.jboss.resteasy.resteasy_jaxrs.i18n] (ServerService Thread Pool -- 68) RESTEASY002200: Adding class resource org.keycloak.services.resources.JsResource from Application class org.keycloak.services.resources.KeycloakApplication
2020-02-12 10:10:04,604 INFO  [org.jboss.resteasy.resteasy_jaxrs.i18n] (ServerService Thread Pool -- 68) RESTEASY002200: Adding class resource org.keycloak.services.resources.ThemeResource from Application class org.keycloak.services.resources.KeycloakApplication
2020-02-12 10:10:04,605 INFO  [org.jboss.resteasy.resteasy_jaxrs.i18n] (ServerService Thread Pool -- 68) RESTEASY002220: Adding singleton resource org.keycloak.services.resources.RealmsResource from Application class org.keycloak.services.resources.KeycloakApplication
2020-02-12 10:10:04,605 INFO  [org.jboss.resteasy.resteasy_jaxrs.i18n] (ServerService Thread Pool -- 68) RESTEASY002220: Adding singleton resource org.keycloak.services.resources.admin.AdminRoot from Application class org.keycloak.services.resources.KeycloakApplication
2020-02-12 10:10:04,605 INFO  [org.jboss.resteasy.resteasy_jaxrs.i18n] (ServerService Thread Pool -- 68) RESTEASY002220: Adding singleton resource org.keycloak.services.resources.WelcomeResource from Application class org.keycloak.services.resources.KeycloakApplication
2020-02-12 10:10:04,606 INFO  [org.jboss.resteasy.resteasy_jaxrs.i18n] (ServerService Thread Pool -- 68) RESTEASY002210: Adding provider singleton org.keycloak.services.util.ObjectMapperResolver from Application class org.keycloak.services.resources.KeycloakApplication
2020-02-12 10:10:04,606 INFO  [org.jboss.resteasy.resteasy_jaxrs.i18n] (ServerService Thread Pool -- 68) RESTEASY002220: Adding singleton resource org.keycloak.services.resources.RobotsResource from Application class org.keycloak.services.resources.KeycloakApplication
2020-02-12 10:10:04,690 INFO  [org.wildfly.extension.undertow] (ServerService Thread Pool -- 68) WFLYUT0021: Registered web context: '/auth' for server 'default-server'
2020-02-12 10:10:04,741 INFO  [org.jboss.as.server] (ServerService Thread Pool -- 55) WFLYSRV0010: Deployed "keycloak-server.war" (runtime-name : "keycloak-server.war")
2020-02-12 10:10:04,794 INFO  [org.jboss.as.server] (Controller Boot Thread) WFLYSRV0212: Resuming server
2020-02-12 10:10:04,797 INFO  [org.jboss.as] (Controller Boot Thread) WFLYSRV0060: Http management interface listening on http://127.0.0.1:9990/management
2020-02-12 10:10:04,797 INFO  [org.jboss.as] (Controller Boot Thread) WFLYSRV0051: Admin console listening on http://127.0.0.1:9990
2020-02-12 10:10:04,798 INFO  [org.jboss.as] (Controller Boot Thread) WFLYSRV0025: Keycloak 7.0.0 (WildFly Core 9.0.2.Final) started in 22577ms - Started 589 of 884 services (601 services are lazy, passive or on-demand)
2020-02-12 13:14:50,880 INFO  [org.jboss.as.server] (Thread-1) WFLYSRV0272: Suspending server
2020-02-12 13:14:50,931 INFO  [org.jboss.as.ejb3] (Thread-1) WFLYEJB0493: EJB subsystem suspension complete
2020-02-12 13:14:50,956 INFO  [org.jboss.as.server] (Thread-1) WFLYSRV0220: Server shutdown has been requested via an OS signal
2020-02-12 13:14:51,053 INFO  [org.jboss.as.connector.subsystems.datasources] (MSC service thread 1-8) WFLYJCA0010: Unbound data source [java:jboss/datasources/KeycloakDS]
2020-02-12 13:14:51,062 INFO  [org.jboss.as.mail.extension] (MSC service thread 1-4) WFLYMAIL0002: Unbound mail session [java:jboss/mail/Default]
2020-02-12 13:14:51,082 INFO  [org.wildfly.extension.undertow] (MSC service thread 1-7) WFLYUT0008: Undertow HTTPS listener https suspending
2020-02-12 13:14:51,105 INFO  [org.wildfly.extension.undertow] (ServerService Thread Pool -- 71) WFLYUT0022: Unregistered web context: '/auth' from server 'default-server'
2020-02-12 13:14:51,124 INFO  [org.wildfly.extension.undertow] (MSC service thread 1-7) WFLYUT0007: Undertow HTTPS listener https stopped, was bound to 127.0.0.1:8443
2020-02-12 13:14:51,167 INFO  [org.jboss.as.connector.subsystems.datasources] (MSC service thread 1-5) WFLYJCA0010: Unbound data source [java:jboss/datasources/ExampleDS]
2020-02-12 13:14:51,172 INFO  [org.jboss.as.connector.deployers.jdbc] (MSC service thread 1-3) WFLYJCA0019: Stopped Driver service with driver-name = h2
2020-02-12 13:14:51,186 INFO  [org.wildfly.extension.undertow] (MSC service thread 1-5) WFLYUT0019: Host default-host stopping
2020-02-12 13:14:51,235 INFO  [org.wildfly.extension.undertow] (MSC service thread 1-1) WFLYUT0008: Undertow HTTP listener default suspending
2020-02-12 13:14:51,236 INFO  [org.wildfly.extension.undertow] (MSC service thread 1-1) WFLYUT0007: Undertow HTTP listener default stopped, was bound to 127.0.0.1:8080
2020-02-12 13:14:51,262 INFO  [org.jboss.as.clustering.infinispan] (ServerService Thread Pool -- 73) WFLYCLINF0003: Stopped client-mappings cache from ejb container
2020-02-12 13:14:51,263 INFO  [org.wildfly.extension.undertow] (MSC service thread 1-2) WFLYUT0004: Undertow 2.0.21.Final stopping
2020-02-12 13:14:51,277 INFO  [org.jboss.as.clustering.infinispan] (ServerService Thread Pool -- 68) WFLYCLINF0003: Stopped actionTokens cache from keycloak container
2020-02-12 13:14:51,293 INFO  [org.jboss.as.clustering.infinispan] (ServerService Thread Pool -- 73) WFLYCLINF0003: Stopped authorization cache from keycloak container
2020-02-12 13:14:51,295 INFO  [org.jboss.as.clustering.infinispan] (ServerService Thread Pool -- 72) WFLYCLINF0003: Stopped realms cache from keycloak container
2020-02-12 13:14:51,300 INFO  [org.jboss.as.clustering.infinispan] (ServerService Thread Pool -- 71) WFLYCLINF0003: Stopped users cache from keycloak container
2020-02-12 13:14:51,301 INFO  [org.jboss.as.clustering.infinispan] (ServerService Thread Pool -- 68) WFLYCLINF0003: Stopped sessions cache from keycloak container
2020-02-12 13:14:51,302 INFO  [org.jboss.as.clustering.infinispan] (ServerService Thread Pool -- 81) WFLYCLINF0003: Stopped authenticationSessions cache from keycloak container
2020-02-12 13:14:51,304 INFO  [org.jboss.as.clustering.infinispan] (ServerService Thread Pool -- 79) WFLYCLINF0003: Stopped offlineClientSessions cache from keycloak container
2020-02-12 13:14:51,304 INFO  [org.jboss.as.clustering.infinispan] (ServerService Thread Pool -- 80) WFLYCLINF0003: Stopped work cache from keycloak container
2020-02-12 13:14:51,304 INFO  [org.jboss.as.clustering.infinispan] (ServerService Thread Pool -- 77) WFLYCLINF0003: Stopped offlineSessions cache from keycloak container
2020-02-12 13:14:51,306 INFO  [org.jboss.as.clustering.infinispan] (ServerService Thread Pool -- 74) WFLYCLINF0003: Stopped loginFailures cache from keycloak container
2020-02-12 13:14:51,307 INFO  [org.jboss.as.clustering.infinispan] (ServerService Thread Pool -- 75) WFLYCLINF0003: Stopped keys cache from keycloak container
2020-02-12 13:14:51,309 INFO  [org.jboss.as.clustering.infinispan] (ServerService Thread Pool -- 78) WFLYCLINF0003: Stopped clientSessions cache from keycloak container
2020-02-12 13:14:51,334 INFO  [org.jboss.as.server.deployment] (MSC service thread 1-7) WFLYSRV0028: Stopped deployment keycloak-server.war (runtime-name: keycloak-server.war) in 339ms
2020-02-12 13:14:51,366 INFO  [org.jboss.as] (MSC service thread 1-8) WFLYSRV0050: Keycloak 7.0.0 (WildFly Core 9.0.2.Final) stopped in 383ms
2020-02-12 13:52:06,197 INFO  [org.jboss.modules] (main) JBoss Modules version 1.9.1.Final
2020-02-12 13:52:11,798 INFO  [org.jboss.msc] (main) JBoss MSC version 1.4.8.Final
2020-02-12 13:52:11,810 INFO  [org.jboss.threads] (main) JBoss Threads version 2.3.3.Final
2020-02-12 13:52:11,978 INFO  [org.jboss.as] (MSC service thread 1-2) WFLYSRV0049: Keycloak 7.0.0 (WildFly Core 9.0.2.Final) starting
2020-02-12 13:52:11,979 DEBUG [org.jboss.as.config] (MSC service thread 1-2) Configured system properties:
	[Standalone] = 
	awt.toolkit = sun.lwawt.macosx.LWCToolkit
	file.encoding = UTF-8
	file.separator = /
	ftp.nonProxyHosts = local|*.local|169.254/16|*.169.254/16
	http.nonProxyHosts = local|*.local|169.254/16|*.169.254/16
	java.awt.graphicsenv = sun.awt.CGraphicsEnvironment
	java.awt.headless = true
	java.class.path = /Users/tawatchai/Desktop/keycloak/keycloak-7.0.0/jboss-modules.jar
	java.class.version = 56.0
	java.home = /Library/Java/JavaVirtualMachines/jdk-12.0.2.jdk/Contents/Home
	java.io.tmpdir = /var/folders/r9/w05kzvz17zv3ztgns8qp53lw0000gn/T/
	java.library.path = /Users/tawatchai/Library/Java/Extensions:/Library/Java/Extensions:/Network/Library/Java/Extensions:/System/Library/Java/Extensions:/usr/lib/java:.
	java.net.preferIPv4Stack = true
	java.runtime.name = Java(TM) SE Runtime Environment
	java.runtime.version = 12.0.2+10
	java.specification.name = Java Platform API Specification
	java.specification.vendor = Oracle Corporation
	java.specification.version = 12
	java.util.logging.manager = org.jboss.logmanager.LogManager
	java.vendor = Oracle Corporation
	java.vendor.url = https://java.oracle.com/
	java.vendor.url.bug = https://bugreport.java.com/bugreport/
	java.version = 12.0.2
	java.version.date = 2019-07-16
	java.vm.compressedOopsMode = Zero based
	java.vm.info = mixed mode, sharing
	java.vm.name = Java HotSpot(TM) 64-Bit Server VM
	java.vm.specification.name = Java Virtual Machine Specification
	java.vm.specification.vendor = Oracle Corporation
	java.vm.specification.version = 12
	java.vm.vendor = Oracle Corporation
	java.vm.version = 12.0.2+10
	javax.management.builder.initial = org.jboss.as.jmx.PluggableMBeanServerBuilder
	jboss.home.dir = /Users/tawatchai/Desktop/keycloak/keycloak-7.0.0
	jboss.host.name = tawatchais-macbook-pro
	jboss.modules.dir = /Users/tawatchai/Desktop/keycloak/keycloak-7.0.0/modules
	jboss.modules.system.pkgs = org.jboss.byteman
	jboss.node.name = tawatchais-macbook-pro
	jboss.qualified.host.name = tawatchais-macbook-pro.local
	jboss.server.base.dir = /Users/tawatchai/Desktop/keycloak/keycloak-7.0.0/standalone
	jboss.server.config.dir = /Users/tawatchai/Desktop/keycloak/keycloak-7.0.0/standalone/configuration
	jboss.server.data.dir = /Users/tawatchai/Desktop/keycloak/keycloak-7.0.0/standalone/data
	jboss.server.deploy.dir = /Users/tawatchai/Desktop/keycloak/keycloak-7.0.0/standalone/data/content
	jboss.server.log.dir = /Users/tawatchai/Desktop/keycloak/keycloak-7.0.0/standalone/log
	jboss.server.name = tawatchais-macbook-pro
	jboss.server.persist.config = true
	jboss.server.temp.dir = /Users/tawatchai/Desktop/keycloak/keycloak-7.0.0/standalone/tmp
	jdk.debug = release
	line.separator = 

	logging.configuration = file:/Users/tawatchai/Desktop/keycloak/keycloak-7.0.0/standalone/configuration/logging.properties
	module.path = /Users/tawatchai/Desktop/keycloak/keycloak-7.0.0/modules
	org.jboss.boot.log.file = /Users/tawatchai/Desktop/keycloak/keycloak-7.0.0/standalone/log/server.log
	org.jboss.resolver.warning = true
	os.arch = x86_64
	os.name = Mac OS X
	os.version = 10.15.1
	path.separator = :
	socksNonProxyHosts = local|*.local|169.254/16|*.169.254/16
	sun.arch.data.model = 64
	sun.boot.library.path = /Library/Java/JavaVirtualMachines/jdk-12.0.2.jdk/Contents/Home/lib
	sun.cpu.endian = little
	sun.io.unicode.encoding = UnicodeBig
	sun.java.command = /Users/tawatchai/Desktop/keycloak/keycloak-7.0.0/jboss-modules.jar -mp /Users/tawatchai/Desktop/keycloak/keycloak-7.0.0/modules org.jboss.as.standalone -Djboss.home.dir=/Users/tawatchai/Desktop/keycloak/keycloak-7.0.0 -Djboss.server.base.dir=/Users/tawatchai/Desktop/keycloak/keycloak-7.0.0/standalone
	sun.java.launcher = SUN_STANDARD
	sun.jnu.encoding = UTF-8
	sun.management.compiler = HotSpot 64-Bit Tiered Compilers
	user.country = TH
	user.dir = /Users/tawatchai/Desktop/keycloak/keycloak-7.0.0/bin
	user.home = /Users/tawatchai
	user.language = en
	user.name = tawatchai
	user.timezone = Asia/Bangkok
2020-02-12 13:52:11,981 DEBUG [org.jboss.as.config] (MSC service thread 1-2) VM Arguments: -D[Standalone] -Xms64m -Xmx512m -XX:MetaspaceSize=96M -XX:MaxMetaspaceSize=256m -Djava.net.preferIPv4Stack=true -Djboss.modules.system.pkgs=org.jboss.byteman -Djava.awt.headless=true --add-exports=java.base/sun.nio.ch=ALL-UNNAMED --add-exports=jdk.unsupported/sun.misc=ALL-UNNAMED --add-exports=jdk.unsupported/sun.reflect=ALL-UNNAMED -Dorg.jboss.boot.log.file=/Users/tawatchai/Desktop/keycloak/keycloak-7.0.0/standalone/log/server.log -Dlogging.configuration=file:/Users/tawatchai/Desktop/keycloak/keycloak-7.0.0/standalone/configuration/logging.properties 
2020-02-12 13:52:12,825 INFO  [org.wildfly.security] (ServerService Thread Pool -- 20) ELY00001: WildFly Elytron version 1.9.1.Final
2020-02-12 13:52:13,406 INFO  [org.jboss.as.controller.management-deprecated] (Controller Boot Thread) WFLYCTL0028: Attribute 'security-realm' in the resource at address '/core-service=management/management-interface=http-interface' is deprecated, and may be removed in a future version. See the attribute description in the output of the read-resource-description operation to learn more about the deprecation.
2020-02-12 13:52:13,432 INFO  [org.jboss.as.controller.management-deprecated] (ServerService Thread Pool -- 15) WFLYCTL0028: Attribute 'security-realm' in the resource at address '/subsystem=undertow/server=default-server/https-listener=https' is deprecated, and may be removed in a future version. See the attribute description in the output of the read-resource-description operation to learn more about the deprecation.
2020-02-12 13:52:13,537 INFO  [org.jboss.as.server] (Controller Boot Thread) WFLYSRV0039: Creating http management service using socket-binding (management-http)
2020-02-12 13:52:13,557 INFO  [org.xnio] (MSC service thread 1-4) XNIO version 3.7.2.Final
2020-02-12 13:52:13,566 INFO  [org.xnio.nio] (MSC service thread 1-4) XNIO NIO Implementation Version 3.7.2.Final
2020-02-12 13:52:13,591 INFO  [org.jboss.as.clustering.infinispan] (ServerService Thread Pool -- 37) WFLYCLINF0001: Activating Infinispan subsystem.
2020-02-12 13:52:13,590 INFO  [org.wildfly.extension.io] (ServerService Thread Pool -- 36) WFLYIO001: Worker 'default' has auto-configured to 8 core threads with 64 task threads based on your 4 available processors
2020-02-12 13:52:13,617 INFO  [org.jboss.as.connector] (MSC service thread 1-5) WFLYJCA0009: Starting JCA Subsystem (WildFly/IronJacamar 1.4.16.Final)
2020-02-12 13:52:13,627 INFO  [org.jboss.as.connector.subsystems.datasources] (ServerService Thread Pool -- 32) WFLYJCA0004: Deploying JDBC-compliant driver class org.h2.Driver (version 1.4)
2020-02-12 13:52:13,635 INFO  [org.jboss.as.connector.deployers.jdbc] (MSC service thread 1-3) WFLYJCA0018: Started Driver service with driver-name = h2
2020-02-12 13:52:13,639 INFO  [org.jboss.as.naming] (ServerService Thread Pool -- 43) WFLYNAM0001: Activating Naming Subsystem
2020-02-12 13:52:13,649 INFO  [org.jboss.as.jaxrs] (ServerService Thread Pool -- 38) WFLYRS0016: RESTEasy version 3.7.0.Final
2020-02-12 13:52:13,671 INFO  [org.jboss.as.naming] (MSC service thread 1-2) WFLYNAM0003: Starting Naming Service
2020-02-12 13:52:13,671 INFO  [org.jboss.as.mail.extension] (MSC service thread 1-7) WFLYMAIL0001: Bound mail session [java:jboss/mail/Default]
2020-02-12 13:52:13,712 WARN  [org.jboss.as.txn] (ServerService Thread Pool -- 49) WFLYTX0013: The node-identifier attribute on the /subsystem=transactions is set to the default value. This is a danger for environments running multiple servers. Please make sure the attribute value is unique.
2020-02-12 13:52:13,716 INFO  [org.wildfly.extension.microprofile.config.smallrye._private] (ServerService Thread Pool -- 51) WFLYCONF0001: Activating WildFly MicroProfile Config Subsystem
2020-02-12 13:52:13,716 INFO  [org.jboss.as.security] (ServerService Thread Pool -- 48) WFLYSEC0002: Activating Security Subsystem
2020-02-12 13:52:13,732 INFO  [org.jboss.as.security] (MSC service thread 1-2) WFLYSEC0001: Current PicketBox version=5.0.3.Final
2020-02-12 13:52:13,733 INFO  [org.wildfly.extension.microprofile.metrics.smallrye] (ServerService Thread Pool -- 53) WFLYMETRICS0001: Activating Eclipse MicroProfile Metrics Subsystem
2020-02-12 13:52:13,733 INFO  [org.wildfly.extension.microprofile.health.smallrye] (ServerService Thread Pool -- 52) WFLYHEALTH0001: Activating Eclipse MicroProfile Health Subsystem
2020-02-12 13:52:13,784 INFO  [org.wildfly.extension.undertow] (MSC service thread 1-2) WFLYUT0003: Undertow 2.0.21.Final starting
2020-02-12 13:52:13,813 INFO  [org.jboss.remoting] (MSC service thread 1-8) JBoss Remoting version 5.0.12.Final
2020-02-12 13:52:13,844 WARN  [org.wildfly.clustering.web.undertow] (ServerService Thread Pool -- 54) WFLYCLWEBUT0007: No routing provider found for default-server; using legacy provider based on static configuration
2020-02-12 13:52:13,874 INFO  [io.smallrye.metrics] (MSC service thread 1-4) Converted [2] config entries and added [4] replacements
2020-02-12 13:52:13,877 INFO  [io.smallrye.metrics] (MSC service thread 1-4) Converted [3] config entries and added [18] replacements
2020-02-12 13:52:13,966 INFO  [org.jboss.as.ejb3] (MSC service thread 1-7) WFLYEJB0481: Strict pool slsb-strict-max-pool is using a max instance size of 64 (per class), which is derived from thread worker pool sizing.
2020-02-12 13:52:13,943 INFO  [org.wildfly.extension.undertow] (MSC service thread 1-8) WFLYUT0012: Started server default-server.
2020-02-12 13:52:13,935 INFO  [org.wildfly.extension.undertow] (ServerService Thread Pool -- 54) WFLYUT0014: Creating file handler for path '/Users/tawatchai/Desktop/keycloak/keycloak-7.0.0/welcome-content' with options [directory-listing: 'false', follow-symlink: 'false', case-sensitive: 'true', safe-symlink-paths: '[]']
2020-02-12 13:52:13,966 INFO  [org.jboss.as.ejb3] (MSC service thread 1-2) WFLYEJB0482: Strict pool mdb-strict-max-pool is using a max instance size of 16 (per class), which is derived from the number of CPUs on this host.
2020-02-12 13:52:13,988 INFO  [org.wildfly.extension.undertow] (MSC service thread 1-3) WFLYUT0018: Host default-host starting
2020-02-12 13:52:14,082 INFO  [org.wildfly.extension.undertow] (MSC service thread 1-3) WFLYUT0006: Undertow HTTP listener default listening on 127.0.0.1:8080
2020-02-12 13:52:14,155 INFO  [org.jboss.as.ejb3] (MSC service thread 1-8) WFLYEJB0493: EJB subsystem suspension complete
2020-02-12 13:52:14,244 INFO  [org.jboss.as.connector.subsystems.datasources] (MSC service thread 1-4) WFLYJCA0001: Bound data source [java:jboss/datasources/ExampleDS]
2020-02-12 13:52:14,246 INFO  [org.jboss.as.connector.subsystems.datasources] (MSC service thread 1-6) WFLYJCA0001: Bound data source [java:jboss/datasources/KeycloakDS]
2020-02-12 13:52:14,414 INFO  [org.jboss.as.patching] (MSC service thread 1-6) WFLYPAT0050: Keycloak cumulative patch ID is: base, one-off patches include: none
2020-02-12 13:52:14,430 INFO  [org.jboss.as.server.deployment.scanner] (MSC service thread 1-4) WFLYDS0013: Started FileSystemDeploymentService for directory /Users/tawatchai/Desktop/keycloak/keycloak-7.0.0/standalone/deployments
2020-02-12 13:52:14,432 WARN  [org.jboss.as.domain.management.security] (MSC service thread 1-5) WFLYDM0111: Keystore /Users/tawatchai/Desktop/keycloak/keycloak-7.0.0/standalone/configuration/application.keystore not found, it will be auto generated on first use with a self signed certificate for host localhost
2020-02-12 13:52:14,440 INFO  [org.jboss.as.server.deployment] (MSC service thread 1-7) WFLYSRV0027: Starting deployment of "keycloak-server.war" (runtime-name: "keycloak-server.war")
2020-02-12 13:52:14,538 INFO  [org.wildfly.extension.undertow] (MSC service thread 1-4) WFLYUT0006: Undertow HTTPS listener https listening on 127.0.0.1:8443
2020-02-12 13:52:14,761 WARN  [org.jboss.as.dependency.private] (MSC service thread 1-5) WFLYSRV0018: Deployment "deployment.keycloak-server.war" is using a private module ("org.kie") which may be changed or removed in future versions without notice.
2020-02-12 13:52:15,069 INFO  [org.infinispan.factories.GlobalComponentRegistry] (MSC service thread 1-8) ISPN000128: Infinispan version: Infinispan 'Infinity Minus ONE +2' 9.4.14.Final
2020-02-12 13:52:15,371 INFO  [org.jboss.as.clustering.infinispan] (ServerService Thread Pool -- 64) WFLYCLINF0002: Started authenticationSessions cache from keycloak container
2020-02-12 13:52:15,371 INFO  [org.jboss.as.clustering.infinispan] (ServerService Thread Pool -- 63) WFLYCLINF0002: Started authorization cache from keycloak container
2020-02-12 13:52:15,372 INFO  [org.jboss.as.clustering.infinispan] (ServerService Thread Pool -- 66) WFLYCLINF0002: Started users cache from keycloak container
2020-02-12 13:52:15,373 INFO  [org.jboss.as.clustering.infinispan] (ServerService Thread Pool -- 67) WFLYCLINF0002: Started loginFailures cache from keycloak container
2020-02-12 13:52:15,373 INFO  [org.jboss.as.clustering.infinispan] (ServerService Thread Pool -- 59) WFLYCLINF0002: Started offlineClientSessions cache from keycloak container
2020-02-12 13:52:15,374 INFO  [org.jboss.as.clustering.infinispan] (ServerService Thread Pool -- 60) WFLYCLINF0002: Started sessions cache from keycloak container
2020-02-12 13:52:15,374 INFO  [org.jboss.as.clustering.infinispan] (ServerService Thread Pool -- 58) WFLYCLINF0002: Started offlineSessions cache from keycloak container
2020-02-12 13:52:15,375 INFO  [org.jboss.as.clustering.infinispan] (ServerService Thread Pool -- 57) WFLYCLINF0002: Started actionTokens cache from keycloak container
2020-02-12 13:52:15,376 INFO  [org.jboss.as.clustering.infinispan] (ServerService Thread Pool -- 62) WFLYCLINF0002: Started clientSessions cache from keycloak container
2020-02-12 13:52:15,376 INFO  [org.jboss.as.clustering.infinispan] (ServerService Thread Pool -- 61) WFLYCLINF0002: Started realms cache from keycloak container
2020-02-12 13:52:15,376 INFO  [org.jboss.as.clustering.infinispan] (ServerService Thread Pool -- 65) WFLYCLINF0002: Started work cache from keycloak container
2020-02-12 13:52:15,376 INFO  [org.jboss.as.clustering.infinispan] (ServerService Thread Pool -- 56) WFLYCLINF0002: Started keys cache from keycloak container
2020-02-12 13:52:15,479 INFO  [org.jboss.as.clustering.infinispan] (ServerService Thread Pool -- 68) WFLYCLINF0002: Started client-mappings cache from ejb container
2020-02-12 13:52:15,532 WARN  [org.jboss.as.server.deployment] (MSC service thread 1-8) WFLYSRV0273: Excluded subsystem webservices via jboss-deployment-structure.xml does not exist.
2020-02-12 13:52:16,253 INFO  [org.keycloak.services] (ServerService Thread Pool -- 68) KC-SERVICES0001: Loading config from standalone.xml or domain.xml
2020-02-12 13:52:16,702 INFO  [org.jboss.as.clustering.infinispan] (ServerService Thread Pool -- 68) WFLYCLINF0002: Started realmRevisions cache from keycloak container
2020-02-12 13:52:16,708 INFO  [org.jboss.as.clustering.infinispan] (ServerService Thread Pool -- 68) WFLYCLINF0002: Started userRevisions cache from keycloak container
2020-02-12 13:52:16,715 INFO  [org.jboss.as.clustering.infinispan] (ServerService Thread Pool -- 68) WFLYCLINF0002: Started authorizationRevisions cache from keycloak container
2020-02-12 13:52:16,716 INFO  [org.keycloak.connections.infinispan.DefaultInfinispanConnectionProviderFactory] (ServerService Thread Pool -- 68) Node name: tawatchais-macbook-pro, Site name: null
2020-02-12 13:52:24,023 INFO  [org.hibernate.jpa.internal.util.LogHelper] (ServerService Thread Pool -- 68) HHH000204: Processing PersistenceUnitInfo [
	name: keycloak-default
	...]
2020-02-12 13:52:24,112 INFO  [org.hibernate.Version] (ServerService Thread Pool -- 68) HHH000412: Hibernate Core {5.3.10.Final}
2020-02-12 13:52:24,113 INFO  [org.hibernate.cfg.Environment] (ServerService Thread Pool -- 68) HHH000206: hibernate.properties not found
2020-02-12 13:52:24,305 INFO  [org.hibernate.annotations.common.Version] (ServerService Thread Pool -- 68) HCANN000001: Hibernate Commons Annotations {5.0.5.Final}
2020-02-12 13:52:24,474 INFO  [org.hibernate.dialect.Dialect] (ServerService Thread Pool -- 68) HHH000400: Using dialect: org.hibernate.dialect.H2Dialect
2020-02-12 13:52:24,481 WARN  [org.hibernate.dialect.H2Dialect] (ServerService Thread Pool -- 68) HHH000431: Unable to determine H2 database version, certain features may not work
2020-02-12 13:52:24,523 INFO  [org.hibernate.envers.boot.internal.EnversServiceImpl] (ServerService Thread Pool -- 68) Envers integration enabled? : true
2020-02-12 13:52:24,962 INFO  [org.hibernate.orm.beans] (ServerService Thread Pool -- 68) HHH10005002: No explicit CDI BeanManager reference was passed to Hibernate, but CDI is available on the Hibernate ClassLoader.
2020-02-12 13:52:25,018 INFO  [org.hibernate.validator.internal.util.Version] (ServerService Thread Pool -- 68) HV000001: Hibernate Validator 6.0.16.Final
2020-02-12 13:52:26,088 INFO  [org.hibernate.hql.internal.QueryTranslatorFactoryInitiator] (ServerService Thread Pool -- 68) HHH000397: Using ASTQueryTranslatorFactory
2020-02-12 13:52:26,870 INFO  [org.jboss.resteasy.resteasy_jaxrs.i18n] (ServerService Thread Pool -- 68) RESTEASY002225: Deploying javax.ws.rs.core.Application: class org.keycloak.services.resources.KeycloakApplication
2020-02-12 13:52:26,873 INFO  [org.jboss.resteasy.resteasy_jaxrs.i18n] (ServerService Thread Pool -- 68) RESTEASY002200: Adding class resource org.keycloak.services.resources.JsResource from Application class org.keycloak.services.resources.KeycloakApplication
2020-02-12 13:52:26,873 INFO  [org.jboss.resteasy.resteasy_jaxrs.i18n] (ServerService Thread Pool -- 68) RESTEASY002205: Adding provider class org.keycloak.services.error.KeycloakErrorHandler from Application class org.keycloak.services.resources.KeycloakApplication
2020-02-12 13:52:26,873 INFO  [org.jboss.resteasy.resteasy_jaxrs.i18n] (ServerService Thread Pool -- 68) RESTEASY002205: Adding provider class org.keycloak.services.filters.KeycloakTransactionCommitter from Application class org.keycloak.services.resources.KeycloakApplication
2020-02-12 13:52:26,873 INFO  [org.jboss.resteasy.resteasy_jaxrs.i18n] (ServerService Thread Pool -- 68) RESTEASY002200: Adding class resource org.keycloak.services.resources.ThemeResource from Application class org.keycloak.services.resources.KeycloakApplication
2020-02-12 13:52:26,874 INFO  [org.jboss.resteasy.resteasy_jaxrs.i18n] (ServerService Thread Pool -- 68) RESTEASY002210: Adding provider singleton org.keycloak.services.util.ObjectMapperResolver from Application class org.keycloak.services.resources.KeycloakApplication
2020-02-12 13:52:26,874 INFO  [org.jboss.resteasy.resteasy_jaxrs.i18n] (ServerService Thread Pool -- 68) RESTEASY002220: Adding singleton resource org.keycloak.services.resources.WelcomeResource from Application class org.keycloak.services.resources.KeycloakApplication
2020-02-12 13:52:26,874 INFO  [org.jboss.resteasy.resteasy_jaxrs.i18n] (ServerService Thread Pool -- 68) RESTEASY002220: Adding singleton resource org.keycloak.services.resources.RealmsResource from Application class org.keycloak.services.resources.KeycloakApplication
2020-02-12 13:52:26,874 INFO  [org.jboss.resteasy.resteasy_jaxrs.i18n] (ServerService Thread Pool -- 68) RESTEASY002220: Adding singleton resource org.keycloak.services.resources.admin.AdminRoot from Application class org.keycloak.services.resources.KeycloakApplication
2020-02-12 13:52:26,874 INFO  [org.jboss.resteasy.resteasy_jaxrs.i18n] (ServerService Thread Pool -- 68) RESTEASY002220: Adding singleton resource org.keycloak.services.resources.RobotsResource from Application class org.keycloak.services.resources.KeycloakApplication
2020-02-12 13:52:26,965 INFO  [org.wildfly.extension.undertow] (ServerService Thread Pool -- 68) WFLYUT0021: Registered web context: '/auth' for server 'default-server'
2020-02-12 13:52:27,010 INFO  [org.jboss.as.server] (ServerService Thread Pool -- 55) WFLYSRV0010: Deployed "keycloak-server.war" (runtime-name : "keycloak-server.war")
2020-02-12 13:52:27,065 INFO  [org.jboss.as.server] (Controller Boot Thread) WFLYSRV0212: Resuming server
2020-02-12 13:52:27,067 INFO  [org.jboss.as] (Controller Boot Thread) WFLYSRV0060: Http management interface listening on http://127.0.0.1:9990/management
2020-02-12 13:52:27,068 INFO  [org.jboss.as] (Controller Boot Thread) WFLYSRV0051: Admin console listening on http://127.0.0.1:9990
2020-02-12 13:52:27,068 INFO  [org.jboss.as] (Controller Boot Thread) WFLYSRV0025: Keycloak 7.0.0 (WildFly Core 9.0.2.Final) started in 21521ms - Started 589 of 884 services (601 services are lazy, passive or on-demand)
